SF:lib/app/very_good_coffee_app.dart
DA:8,0
DA:10,0
DA:12,0
DA:13,0
DA:14,0
DA:15,0
DA:16,0
DA:18,0
DA:19,0
DA:20,0
DA:26,0
DA:28,0
LF:12
LH:0
end_of_record
SF:lib/app/core/cubit/locale_cubit.dart
DA:6,0
DA:8,0
DA:10,0
DA:11,0
DA:12,0
LF:5
LH:0
end_of_record
SF:lib/app/core/data_base/data_base_service_impl.dart
DA:7,0
DA:9,0
DA:10,0
DA:14,0
DA:15,0
DA:16,0
DA:17,0
DA:20,0
DA:21,0
DA:22,0
DA:25,0
DA:26,0
DA:34,0
DA:36,0
DA:37,0
DA:39,0
DA:41,0
DA:43,0
DA:44,0
DA:50,0
DA:52,0
DA:53,0
DA:54,0
DA:55,0
DA:56,0
DA:57,0
DA:58,0
DA:63,0
DA:65,0
DA:66,0
DA:69,0
DA:73,0
DA:75,0
DA:76,0
DA:79,0
DA:81,0
LF:36
LH:0
end_of_record
SF:lib/app/core/injection/app_injection.dart
DA:5,3
DA:7,0
DA:8,0
DA:9,0
DA:10,0
DA:11,0
DA:12,0
DA:13,0
DA:15,0
LF:9
LH:1
end_of_record
SF:lib/app/core/rest/app_http_client/dio_client.dart
DA:12,0
DA:15,0
DA:17,0
DA:19,0
DA:20,0
DA:31,0
DA:32,0
DA:33,0
DA:34,0
DA:37,0
DA:38,0
DA:46,0
DA:52,0
DA:53,0
DA:56,0
DA:58,0
DA:59,0
DA:65,0
DA:66,0
DA:67,0
DA:71,0
DA:78,0
DA:81,0
DA:82,0
DA:87,0
DA:88,0
DA:89,0
DA:93,0
DA:99,0
DA:101,0
DA:102,0
DA:107,0
DA:108,0
DA:109,0
DA:113,0
DA:120,0
DA:123,0
DA:124,0
DA:129,0
DA:130,0
DA:131,0
DA:135,0
DA:142,0
DA:145,0
DA:146,0
DA:151,0
DA:152,0
DA:153,0
LF:48
LH:0
end_of_record
SF:lib/app/core/rest/app_http_client/image_download_service.dart
DA:7,0
DA:11,0
DA:13,0
DA:14,0
DA:16,0
DA:18,0
DA:19,0
DA:21,0
DA:22,0
DA:26,0
LF:10
LH:0
end_of_record
SF:lib/app/core/rest/app_http_client/models/http_response.dart
DA:4,1
LF:1
LH:1
end_of_record
SF:lib/app/core/ui/theme/theme_config.dart
DA:5,0
DA:7,0
DA:9,0
DA:12,0
DA:13,0
LF:5
LH:0
end_of_record
SF:lib/app/features/coffee/coffee_injection.dart
DA:4,0
DA:5,0
DA:6,0
DA:7,0
DA:8,0
DA:11,0
DA:12,0
DA:13,0
DA:16,0
DA:17,0
DA:18,0
DA:21,0
DA:22,0
DA:23,0
DA:26,0
DA:27,0
DA:28,0
DA:31,0
DA:32,0
DA:33,0
DA:36,0
DA:37,0
DA:38,0
DA:39,0
DA:42,0
DA:43,0
DA:44,0
DA:47,0
DA:48,0
DA:49,0
DA:52,0
DA:53,0
DA:54,0
DA:57,0
DA:58,0
DA:59,0
DA:60,0
DA:61,0
DA:62,0
LF:39
LH:0
end_of_record
SF:lib/app/features/coffee/data/datasource/local/favorite_local_datasource_impl.dart
DA:4,1
DA:9,0
DA:11,0
DA:12,0
DA:14,0
DA:18,1
DA:20,2
DA:24,1
DA:26,2
DA:29,1
DA:31,2
LF:11
LH:7
end_of_record
SF:lib/app/features/coffee/data/datasource/remote/home_remote_datasource_impl.dart
DA:4,0
DA:8,0
DA:11,0
DA:12,0
LF:4
LH:0
end_of_record
SF:lib/app/features/coffee/data/model/coffee_image_model.dart
DA:16,5
DA:19,1
DA:20,1
DA:23,2
DA:26,2
DA:27,2
DA:28,2
DA:29,2
DA:33,2
DA:34,1
DA:35,1
DA:36,1
LF:12
LH:12
end_of_record
SF:lib/app/features/coffee/data/model/coffee_image_model.g.dart
DA:9,1
DA:11,1
DA:12,1
DA:13,1
DA:14,1
DA:15,3
DA:16,1
DA:20,1
DA:22,1
DA:23,1
DA:24,1
DA:25,1
LF:12
LH:12
end_of_record
SF:lib/app/features/coffee/data/repository/favorite_repository_impl.dart
DA:5,1
DA:10,1
DA:13,2
DA:14,0
DA:16,3
DA:20,0
DA:25,0
DA:26,0
DA:30,0
DA:34,1
DA:37,2
DA:40,2
DA:44,1
DA:47,2
DA:48,1
DA:50,2
LF:16
LH:11
end_of_record
SF:lib/app/features/coffee/data/repository/home_repository_impl.dart
DA:8,1
DA:12,1
DA:15,2
DA:16,2
DA:17,1
DA:18,3
DA:19,1
DA:20,3
LF:8
LH:8
end_of_record
SF:lib/app/features/coffee/domain/usecase/contains_image_url_usecase.dart
DA:9,1
DA:13,1
DA:15,2
LF:3
LH:3
end_of_record
SF:lib/app/features/coffee/domain/usecase/get_favorite_images_usecase.dart
DA:9,1
DA:13,1
DA:15,2
LF:3
LH:3
end_of_record
SF:lib/app/features/coffee/domain/usecase/get_random_image_usecase.dart
DA:9,1
DA:14,1
DA:16,2
LF:3
LH:3
end_of_record
SF:lib/app/features/coffee/domain/usecase/remove_favorite_image_usecase.dart
DA:9,1
DA:14,1
DA:16,2
LF:3
LH:3
end_of_record
SF:lib/app/features/coffee/domain/usecase/save_favorite_image_usecase.dart
DA:9,0
DA:18,0
DA:20,0
DA:21,0
DA:23,0
DA:24,0
DA:25,0
LF:7
LH:0
end_of_record
SF:lib/app/features/coffee/presentation/view/favorite/favorite_cubit.dart
DA:5,1
DA:14,2
DA:20,0
DA:21,0
DA:22,0
DA:23,0
DA:24,0
DA:25,0
DA:26,0
DA:31,0
DA:32,0
DA:33,0
DA:34,0
DA:35,0
DA:36,0
DA:37,0
DA:38,0
DA:43,0
DA:44,0
DA:45,0
DA:46,0
DA:47,0
DA:51,1
DA:52,2
DA:53,1
DA:54,0
DA:55,1
LF:27
LH:6
end_of_record
SF:lib/app/features/coffee/presentation/view/favorite/favorite_page.dart
DA:7,23
DA:9,0
DA:10,0
DA:16,0
DA:18,0
DA:19,0
DA:22,0
DA:24,0
DA:25,0
DA:26,0
DA:27,0
DA:28,0
DA:29,0
DA:33,0
DA:36,0
DA:37,0
DA:38,0
DA:39,0
DA:40,0
DA:41,0
DA:42,0
DA:43,0
DA:44,0
DA:45,0
DA:46,0
DA:48,0
DA:49,0
DA:55,0
LF:28
LH:1
end_of_record
SF:lib/l10n/l10n.dart
DA:7,6
LF:1
LH:1
end_of_record
SF:lib/app/features/coffee/presentation/view/favorite/widgets/favorite_image_item.dart
DA:7,0
DA:15,0
DA:17,0
DA:18,0
DA:19,0
DA:20,0
DA:21,0
DA:22,0
DA:24,0
DA:27,0
DA:28,0
DA:29,0
DA:32,0
DA:33,0
DA:35,0
DA:36,0
LF:16
LH:0
end_of_record
SF:lib/app/features/coffee/presentation/view/favorite/widgets/remove_favorite_alert_banner.dart
DA:5,24
DA:7,1
DA:9,1
DA:10,1
DA:11,2
DA:12,1
DA:13,0
DA:14,1
DA:15,0
DA:16,0
DA:19,0
LF:11
LH:7
end_of_record
SF:lib/app/features/coffee/presentation/view/home/home_cubit.dart
DA:5,1
DA:7,2
DA:11,0
DA:12,0
DA:13,0
DA:14,0
DA:15,0
DA:16,0
LF:8
LH:2
end_of_record
SF:lib/app/features/coffee/presentation/view/home/home_page.dart
DA:11,23
DA:13,0
DA:14,0
DA:25,0
DA:26,0
DA:28,0
DA:29,0
DA:30,0
DA:33,0
DA:34,0
DA:35,0
DA:36,0
DA:37,0
DA:40,0
DA:41,0
DA:42,0
DA:45,0
DA:47,0
DA:48,0
DA:49,0
DA:50,0
DA:51,0
DA:52,0
DA:53,0
DA:54,0
DA:58,0
DA:61,0
DA:63,0
DA:64,0
DA:67,0
DA:69,0
DA:71,0
DA:72,0
DA:74,0
DA:75,0
DA:76,0
DA:78,0
DA:79,0
DA:80,0
DA:81,0
DA:83,0
DA:84,0
DA:85,0
DA:86,0
DA:87,0
DA:92,0
DA:93,0
DA:106,0
DA:107,0
DA:108,0
DA:110,0
DA:111,0
DA:112,0
DA:114,0
DA:116,0
DA:117,0
DA:118,0
DA:119,0
DA:120,0
DA:123,0
DA:124,0
DA:129,0
DA:130,0
DA:131,0
DA:132,0
DA:133,0
DA:135,0
LF:67
LH:1
end_of_record
SF:lib/app/features/coffee/presentation/view/home/widgets/home_app_bar.dart
DA:5,23
DA:7,0
DA:8,0
DA:10,0
DA:16,0
DA:18,0
DA:19,0
DA:20,0
DA:21,0
DA:23,0
DA:25,0
DA:27,0
DA:29,0
DA:31,0
DA:39,0
DA:46,0
DA:48,0
DA:49,0
DA:50,0
DA:51,0
LF:20
LH:1
end_of_record
SF:lib/app/features/coffee/presentation/view/home/widgets/no_connection_placeholder.dart
DA:5,24
DA:7,1
DA:9,0
DA:10,0
DA:12,0
DA:14,0
DA:19,0
DA:20,1
DA:21,0
LF:9
LH:3
end_of_record
SF:lib/app/features/coffee/presentation/view/image_view/image_view_page.dart
DA:7,23
DA:9,0
DA:10,0
DA:16,0
DA:18,0
DA:19,0
DA:22,0
DA:24,0
DA:25,0
DA:26,0
DA:27,0
DA:28,0
DA:30,0
DA:31,0
DA:35,0
DA:36,0
DA:37,0
DA:38,0
DA:40,0
DA:41,0
DA:43,0
DA:47,0
DA:51,0
LF:23
LH:1
end_of_record
SF:lib/app/routes/app_routes.dart
DA:8,0
DA:9,0
DA:10,0
DA:11,0
LF:4
LH:0
end_of_record
SF:lib/app/widgets/app_dismissible.dart
DA:5,1
DA:13,1
DA:15,1
DA:16,1
DA:17,1
DA:24,2
DA:26,1
DA:27,1
DA:28,0
DA:29,0
DA:31,0
DA:32,0
DA:33,0
DA:34,0
DA:36,0
DA:37,0
DA:38,0
DA:43,0
DA:44,1
LF:19
LH:9
end_of_record
